e:\workspace\c++\coursework\cw2\cppcoursework2021-v102\debug\courseworkbase2020.bsc
e:\workspace\c++\coursework\cw2\cppcoursework2021-v102\debug\vc143.pdb
e:\workspace\c++\coursework\cw2\cppcoursework2021-v102\debug\button.sbr
e:\workspace\c++\coursework\cw2\cppcoursework2021-v102\debug\colourpicker.sbr
e:\workspace\c++\coursework\cw2\cppcoursework2021-v102\debug\draggingdemo.sbr
e:\workspace\c++\coursework\cw2\cppcoursework2021-v102\debug\drawingsurface.sbr
e:\workspace\c++\coursework\cw2\cppcoursework2021-v102\debug\enemyspawner.sbr
e:\workspace\c++\coursework\cw2\cppcoursework2021-v102\debug\flashingdemo.sbr
e:\workspace\c++\coursework\cw2\cppcoursework2021-v102\debug\gameengine.sbr
e:\workspace\c++\coursework\cw2\cppcoursework2021-v102\debug\gametilemanager.sbr
e:\workspace\c++\coursework\cw2\cppcoursework2021-v102\debug\imagemappingdemo.sbr
e:\workspace\c++\coursework\cw2\cppcoursework2021-v102\debug\mainfunction.sbr
e:\workspace\c++\coursework\cw2\cppcoursework2021-v102\debug\baseengine.sbr
e:\workspace\c++\coursework\cw2\cppcoursework2021-v102\debug\displayableobject.sbr
e:\workspace\c++\coursework\cw2\cppcoursework2021-v102\debug\fontmanager.sbr
e:\workspace\c++\coursework\cw2\cppcoursework2021-v102\debug\menubackdrop.sbr
e:\workspace\c++\coursework\cw2\cppcoursework2021-v102\debug\movingobject.sbr
e:\workspace\c++\coursework\cw2\cppcoursework2021-v102\debug\projectile.sbr
e:\workspace\c++\coursework\cw2\cppcoursework2021-v102\debug\simpleimage.sbr
e:\workspace\c++\coursework\cw2\cppcoursework2021-v102\debug\simpledemo.sbr
e:\workspace\c++\coursework\cw2\cppcoursework2021-v102\debug\starfielddemo.sbr
e:\workspace\c++\coursework\cw2\cppcoursework2021-v102\debug\textbox.sbr
e:\workspace\c++\coursework\cw2\cppcoursework2021-v102\debug\textbox.obj
e:\workspace\c++\coursework\cw2\cppcoursework2021-v102\debug\starfielddemo.obj
e:\workspace\c++\coursework\cw2\cppcoursework2021-v102\debug\simpledemo.obj
e:\workspace\c++\coursework\cw2\cppcoursework2021-v102\debug\simpleimage.obj
e:\workspace\c++\coursework\cw2\cppcoursework2021-v102\debug\projectile.obj
e:\workspace\c++\coursework\cw2\cppcoursework2021-v102\debug\movingobject.obj
e:\workspace\c++\coursework\cw2\cppcoursework2021-v102\debug\menubackdrop.obj
e:\workspace\c++\coursework\cw2\cppcoursework2021-v102\debug\fontmanager.obj
e:\workspace\c++\coursework\cw2\cppcoursework2021-v102\debug\displayableobject.obj
e:\workspace\c++\coursework\cw2\cppcoursework2021-v102\debug\baseengine.obj
e:\workspace\c++\coursework\cw2\cppcoursework2021-v102\debug\mainfunction.obj
e:\workspace\c++\coursework\cw2\cppcoursework2021-v102\debug\imagemappingdemo.obj
e:\workspace\c++\coursework\cw2\cppcoursework2021-v102\debug\gametilemanager.obj
e:\workspace\c++\coursework\cw2\cppcoursework2021-v102\debug\gameengine.obj
e:\workspace\c++\coursework\cw2\cppcoursework2021-v102\debug\flashingdemo.obj
e:\workspace\c++\coursework\cw2\cppcoursework2021-v102\debug\enemyspawner.obj
e:\workspace\c++\coursework\cw2\cppcoursework2021-v102\debug\drawingsurface.obj
e:\workspace\c++\coursework\cw2\cppcoursework2021-v102\debug\draggingdemo.obj
e:\workspace\c++\coursework\cw2\cppcoursework2021-v102\debug\colourpicker.obj
e:\workspace\c++\coursework\cw2\cppcoursework2021-v102\debug\button.obj
e:\workspace\c++\coursework\cw2\cppcoursework2021-v102\debug\tilemanager.sbr
e:\workspace\c++\coursework\cw2\cppcoursework2021-v102\debug\bouncingball.sbr
e:\workspace\c++\coursework\cw2\cppcoursework2021-v102\debug\bouncingballmain.sbr
e:\workspace\c++\coursework\cw2\cppcoursework2021-v102\debug\mazedemomain.sbr
e:\workspace\c++\coursework\cw2\cppcoursework2021-v102\debug\mazedemoobject.sbr
e:\workspace\c++\coursework\cw2\cppcoursework2021-v102\debug\mazedemotilemanager.sbr
e:\workspace\c++\coursework\cw2\cppcoursework2021-v102\debug\zoomingdemo.sbr
e:\workspace\c++\coursework\cw2\cppcoursework2021-v102\debug\zoomingdemo.obj
e:\workspace\c++\coursework\cw2\cppcoursework2021-v102\debug\mazedemotilemanager.obj
e:\workspace\c++\coursework\cw2\cppcoursework2021-v102\debug\mazedemoobject.obj
e:\workspace\c++\coursework\cw2\cppcoursework2021-v102\debug\mazedemomain.obj
e:\workspace\c++\coursework\cw2\cppcoursework2021-v102\debug\bouncingballmain.obj
e:\workspace\c++\coursework\cw2\cppcoursework2021-v102\debug\bouncingball.obj
e:\workspace\c++\coursework\cw2\cppcoursework2021-v102\debug\tilemanager.obj
e:\workspace\c++\coursework\cw2\cppcoursework2021-v102\debug\courseworkbase2020.ilk
e:\workspace\c++\coursework\cw2\cppcoursework2021-v102\debug\courseworkbase2020.exe
e:\workspace\c++\coursework\cw2\cppcoursework2021-v102\src\map
e:\workspace\c++\coursework\cw2\cppcoursework2021-v102\debug\courseworkbase2020.pdb
e:\workspace\c++\coursework\cw2\cppcoursework2021-v102\/debug\courseworkbase2020.pdb
e:\workspace\c++\coursework\cw2\cppcoursework2021-v102\/debug\courseworkbase2020.bsc
e:\workspace\c++\coursework\cw2\cppcoursework2021-v102\/debug\courseworkbase2020.ilk
e:\workspace\c++\coursework\cw2\cppcoursework2021-v102\/debug\courseworkbase.vcxproj.filelistabsolute.txt
e:\workspace\c++\coursework\cw2\cppcoursework2021-v102\debug\coursewo.63f64093.tlog\bscmake.command.1.tlog
e:\workspace\c++\coursework\cw2\cppcoursework2021-v102\debug\coursewo.63f64093.tlog\bscmake.read.1.tlog
e:\workspace\c++\coursework\cw2\cppcoursework2021-v102\debug\coursewo.63f64093.tlog\bscmake.write.1.tlog
e:\workspace\c++\coursework\cw2\cppcoursework2021-v102\debug\coursewo.63f64093.tlog\cl.command.1.tlog
e:\workspace\c++\coursework\cw2\cppcoursework2021-v102\debug\coursewo.63f64093.tlog\cl.read.1.tlog
e:\workspace\c++\coursework\cw2\cppcoursework2021-v102\debug\coursewo.63f64093.tlog\cl.write.1.tlog
e:\workspace\c++\coursework\cw2\cppcoursework2021-v102\debug\coursewo.63f64093.tlog\link.command.1.tlog
e:\workspace\c++\coursework\cw2\cppcoursework2021-v102\debug\coursewo.63f64093.tlog\link.read.1.tlog
e:\workspace\c++\coursework\cw2\cppcoursework2021-v102\debug\coursewo.63f64093.tlog\link.write.1.tlog
